<?xml version="1.0" encoding="UTF-8"?>
<testng-results ignored="0" total="3" passed="2" failed="1" skipped="0">
  <reporter-output>
  </reporter-output>
  <suite started-at="2023-10-15T12:31:32 IST" name="Suite" finished-at="2023-10-15T12:31:33 IST" duration-ms="1157">
    <groups>
    </groups>
    <test started-at="2023-10-15T12:31:32 IST" name="Test" finished-at="2023-10-15T12:31:33 IST" duration-ms="1157">
      <class name="extentReportBySarthak.AddToCartTest">
        <test-method is-config="true" signature="initializeAddToCartTest()[pri:0, instance:extentReportBySarthak.AddToCartTest@212b5695]" started-at="2023-10-15T12:31:32 IST" name="initializeAddToCartTest" finished-at="2023-10-15T12:31:32 IST" duration-ms="382" status="PASS">
          <reporter-output>
          </reporter-output>
        </test-method> <!-- initializeAddToCartTest -->
        <test-method signature="addToCartTest()[pri:0, instance:extentReportBySarthak.AddToCartTest@212b5695]" started-at="2023-10-15T12:31:32 IST" name="addToCartTest" finished-at="2023-10-15T12:31:32 IST" duration-ms="14" status="PASS">
          <reporter-output>
          </reporter-output>
        </test-method> <!-- addToCartTest -->
        <test-method is-config="true" signature="finish()[pri:0, instance:extentReportBySarthak.AddToCartTest@212b5695]" started-at="2023-10-15T12:31:32 IST" name="finish" finished-at="2023-10-15T12:31:32 IST" duration-ms="489" status="PASS">
          <reporter-output>
          </reporter-output>
        </test-method> <!-- finish -->
      </class> <!-- extentReportBySarthak.AddToCartTest -->
      <class name="extentReportBySarthak.LoginTest">
        <test-method is-config="true" signature="initializeLoginTest()[pri:0, instance:extentReportBySarthak.LoginTest@7205765b]" started-at="2023-10-15T12:31:32 IST" name="initializeLoginTest" finished-at="2023-10-15T12:31:32 IST" duration-ms="0" status="PASS">
          <reporter-output>
          </reporter-output>
        </test-method> <!-- initializeLoginTest -->
        <test-method signature="loginTest()[pri:0, instance:extentReportBySarthak.LoginTest@7205765b]" started-at="2023-10-15T12:31:32 IST" name="loginTest" finished-at="2023-10-15T12:31:32 IST" duration-ms="2" status="PASS">
          <reporter-output>
          </reporter-output>
        </test-method> <!-- loginTest -->
        <test-method is-config="true" signature="finish()[pri:0, instance:extentReportBySarthak.LoginTest@7205765b]" started-at="2023-10-15T12:31:32 IST" name="finish" finished-at="2023-10-15T12:31:33 IST" duration-ms="19" status="PASS">
          <reporter-output>
          </reporter-output>
        </test-method> <!-- finish -->
      </class> <!-- extentReportBySarthak.LoginTest -->
      <class name="extentReportBySarthak.PaymentTest">
        <test-method is-config="true" signature="initializePaymentTest()[pri:0, instance:extentReportBySarthak.PaymentTest@47987356]" started-at="2023-10-15T12:31:33 IST" name="initializePaymentTest" finished-at="2023-10-15T12:31:33 IST" duration-ms="3" status="PASS">
          <reporter-output>
          </reporter-output>
        </test-method> <!-- initializePaymentTest -->
        <test-method signature="loginTest()[pri:0, instance:extentReportBySarthak.PaymentTest@47987356]" started-at="2023-10-15T12:31:33 IST" name="loginTest" finished-at="2023-10-15T12:31:33 IST" duration-ms="19" status="FAIL">
          <exception class="java.lang.AssertionError">
            <message>
              <![CDATA[expected [false] but found [true]]]>
            </message>
            <full-stacktrace>
              <![CDATA[java.lang.AssertionError: expected [false] but found [true]
at org.testng.Assert.fail(Assert.java:99)
at org.testng.Assert.failNotEquals(Assert.java:1037)
at org.testng.Assert.assertFalse(Assert.java:67)
at org.testng.Assert.assertFalse(Assert.java:77)
at extentReportBySarthak.PaymentTest.loginTest(PaymentTest.java:33)
at java.base/jdk.internal.reflect.NativeMethodAccessorImpl.invoke0(Native Method)
at java.base/jdk.internal.reflect.NativeMethodAccessorImpl.invoke(NativeMethodAccessorImpl.java:62)
at java.base/jdk.internal.reflect.DelegatingMethodAccessorImpl.invoke(DelegatingMethodAccessorImpl.java:43)
at java.base/java.lang.reflect.Method.invoke(Method.java:566)
at org.testng.internal.MethodInvocationHelper.invokeMethod(MethodInvocationHelper.java:133)
at org.testng.internal.TestInvoker.invokeMethod(TestInvoker.java:598)
at org.testng.internal.TestInvoker.invokeTestMethod(TestInvoker.java:173)
at org.testng.internal.MethodRunner.runInSequence(MethodRunner.java:46)
at org.testng.internal.TestInvoker$MethodInvocationAgent.invoke(TestInvoker.java:824)
at org.testng.internal.TestInvoker.invokeTestMethods(TestInvoker.java:146)
at org.testng.internal.TestMethodWorker.invokeTestMethods(TestMethodWorker.java:146)
at org.testng.internal.TestMethodWorker.run(TestMethodWorker.java:128)
at java.base/java.util.ArrayList.forEach(ArrayList.java:1541)
at org.testng.TestRunner.privateRun(TestRunner.java:794)
at org.testng.TestRunner.run(TestRunner.java:596)
at org.testng.SuiteRunner.runTest(SuiteRunner.java:377)
at org.testng.SuiteRunner.runSequentially(SuiteRunner.java:371)
at org.testng.SuiteRunner.privateRun(SuiteRunner.java:332)
at org.testng.SuiteRunner.run(SuiteRunner.java:276)
at org.testng.SuiteRunnerWorker.runSuite(SuiteRunnerWorker.java:53)
at org.testng.SuiteRunnerWorker.run(SuiteRunnerWorker.java:96)
at org.testng.TestNG.runSuitesSequentially(TestNG.java:1212)
at org.testng.TestNG.runSuitesLocally(TestNG.java:1134)
at org.testng.TestNG.runSuites(TestNG.java:1063)
at org.testng.TestNG.run(TestNG.java:1031)
at org.testng.remote.AbstractRemoteTestNG.run(AbstractRemoteTestNG.java:115)
at org.testng.remote.RemoteTestNG.initAndRun(RemoteTestNG.java:251)
at org.testng.remote.RemoteTestNG.main(RemoteTestNG.java:77)
]]>
            </full-stacktrace>
          </exception> <!-- java.lang.AssertionError -->
          <reporter-output>
          </reporter-output>
        </test-method> <!-- loginTest -->
        <test-method is-config="true" signature="finish()[pri:0, instance:extentReportBySarthak.PaymentTest@47987356]" started-at="2023-10-15T12:31:33 IST" name="finish" finished-at="2023-10-15T12:31:33 IST" duration-ms="69" status="PASS">
          <reporter-output>
          </reporter-output>
        </test-method> <!-- finish -->
      </class> <!-- extentReportBySarthak.PaymentTest -->
    </test> <!-- Test -->
  </suite> <!-- Suite -->
</testng-results>
